This file contains any messages produced by compilers while
running configure, to aid debugging if configure makes a mistake.

It was created by docker-alpine configure 0.1, which was
generated by GNU Autoconf 2.69.  Invocation command line was

  $ ./configure 

## --------- ##
## Platform. ##
## --------- ##

hostname = zerohost
uname -m = x86_64
uname -r = 4.4.0-96-generic
uname -s = Linux
uname -v = #119-Ubuntu SMP Tue Sep 12 14:59:54 UTC 2017

/usr/bin/uname -p = unknown
/bin/uname -X     = unknown

/bin/arch              = unknown
/usr/bin/arch -k       = unknown
/usr/convex/getsysinfo = unknown
/usr/bin/hostinfo      = unknown
/bin/machine           = unknown
/usr/bin/oslevel       = unknown
/bin/universe          = unknown

PATH: /home/zeroc0d3/.rbenv/plugins/ruby-build/bin
PATH: /home/zeroc0d3/.rbenv/shims
PATH: /home/zeroc0d3/.rbenv/bin
PATH: /home/zeroc0d3/bin
PATH: /usr/local/bin
PATH: /home/zeroc0d3/bin
PATH: /home/zeroc0d3/.local/bin
PATH: /usr/lib/jvm/jdk1.8.0_121/bin
PATH: /usr/lib/jvm/jdk1.8.0_121/bin
PATH: /usr/local/sbin
PATH: /usr/local/bin
PATH: /usr/sbin
PATH: /usr/bin
PATH: /sbin
PATH: /bin
PATH: /usr/games
PATH: /usr/local/games
PATH: /snap/bin
PATH: /home/zeroc0d3/.local/bin
PATH: /home/zeroc0d3/bin
PATH: /home/zeroc0d3/.local/bin
PATH: /usr/lib/jvm/jdk1.8.0_121/bin
PATH: /usr/lib/jvm/jdk1.8.0_121/bin
PATH: /usr/local/sbin
PATH: /usr/local/bin
PATH: /usr/sbin
PATH: /usr/bin
PATH: /sbin
PATH: /bin
PATH: /usr/games
PATH: /usr/local/games
PATH: /snap/bin
PATH: /home/zeroc0d3/bin
PATH: /usr/lib/jvm/jdk1.8.0_112/bin
PATH: /usr/lib/jvm/jdk.1.8.0_112/jre/bin
PATH: /bin
PATH: /home/zeroc0d3/go/bin


## ----------- ##
## Core tests. ##
## ----------- ##

configure:1792: checking for a BSD-compatible install
configure:1860: result: /usr/bin/install -c
configure:1871: checking whether build environment is sane
configure:1926: result: yes
configure:2077: checking for a thread-safe mkdir -p
configure:2116: result: /bin/mkdir -p
configure:2123: checking for gawk
configure:2139: found /usr/bin/gawk
configure:2150: result: gawk
configure:2161: checking whether make sets $(MAKE)
configure:2183: result: yes
configure:2212: checking whether make supports nested variables
configure:2229: result: yes
configure:2356: checking whether to enable maintainer-specific portions of Makefiles
configure:2365: result: no
configure:2382: checking whether make sets $(MAKE)
configure:2404: result: yes
configure:2416: checking for docker
configure:2432: found /usr/bin/docker
configure:2444: result: yes
configure:2465: checking tag of docker images
configure:2471: result: latest
configure:2625: checking that generated files are newer than configure
configure:2631: result: done
configure:2643: creating ./config.status

## ---------------------- ##
## Running config.status. ##
## ---------------------- ##

This file was extended by docker-alpine config.status 0.1, which was
generated by GNU Autoconf 2.69.  Invocation command line was

  CONFIG_FILES    = 
  CONFIG_HEADERS  = 
  CONFIG_LINKS    = 
  CONFIG_COMMANDS = 
  $ ./config.status 

on zerohost

config.status:757: creating Makefile
config.status:757: creating base/Makefile
config.status:757: creating base-consul/Makefile
config.status:757: creating consul/Makefile
config.status:757: creating nginx/Makefile
config.status:757: creating nodejs/Makefile
config.status:757: creating postgresql/Makefile
config.status:757: creating ruby/Makefile

## ---------------- ##
## Cache variables. ##
## ---------------- ##

ac_cv_env_BUILD_OPTIONS_set=
ac_cv_env_BUILD_OPTIONS_value=
ac_cv_env_CLEAN_OPTIONS_set=
ac_cv_env_CLEAN_OPTIONS_value=
ac_cv_env_PULL_OPTIONS_set=
ac_cv_env_PULL_OPTIONS_value=
ac_cv_env_TAG_set=
ac_cv_env_TAG_value=
ac_cv_env_build_alias_set=
ac_cv_env_build_alias_value=
ac_cv_env_host_alias_set=
ac_cv_env_host_alias_value=
ac_cv_env_target_alias_set=
ac_cv_env_target_alias_value=
ac_cv_path_install='/usr/bin/install -c'
ac_cv_path_mkdir=/bin/mkdir
ac_cv_prog_AWK=gawk
ac_cv_prog_DOCKER=yes
ac_cv_prog_make_make_set=yes
am_cv_make_support_nested_variables=yes

## ----------------- ##
## Output variables. ##
## ----------------- ##

ACLOCAL='${SHELL} /home/zeroc0d3/ZEROC0D3LAB/docker-lab/missing aclocal-1.15'
AMTAR='$${TAR-tar}'
AM_BACKSLASH='\'
AM_DEFAULT_V='$(AM_DEFAULT_VERBOSITY)'
AM_DEFAULT_VERBOSITY='1'
AM_V='$(V)'
AUTOCONF='${SHELL} /home/zeroc0d3/ZEROC0D3LAB/docker-lab/missing autoconf'
AUTOHEADER='${SHELL} /home/zeroc0d3/ZEROC0D3LAB/docker-lab/missing autoheader'
AUTOMAKE='${SHELL} /home/zeroc0d3/ZEROC0D3LAB/docker-lab/missing automake-1.15'
AWK='gawk'
BUILD_OPTIONS=''
CLEAN_OPTIONS=''
CYGPATH_W='echo'
DEFS='-DPACKAGE_NAME=\"docker-alpine\" -DPACKAGE_TARNAME=\"docker-alpine\" -DPACKAGE_VERSION=\"0.1\" -DPACKAGE_STRING=\"docker-alpine\ 0.1\" -DPACKAGE_BUGREPORT=\"bhuisgen@hbis.fr\" -DPACKAGE_URL=\"\" -DPACKAGE=\"docker-alpine\" -DVERSION=\"0.1\"'
DOCKER='yes'
ECHO_C=''
ECHO_N='-n'
ECHO_T=''
INSTALL_DATA='${INSTALL} -m 644'
INSTALL_PROGRAM='${INSTALL}'
INSTALL_SCRIPT='${INSTALL}'
INSTALL_STRIP_PROGRAM='$(install_sh) -c -s'
LIBOBJS=''
LIBS=''
LTLIBOBJS=''
MAINT='#'
MAINTAINER_MODE_FALSE=''
MAINTAINER_MODE_TRUE='#'
MAKEINFO='${SHELL} /home/zeroc0d3/ZEROC0D3LAB/docker-lab/missing makeinfo'
MKDIR_P='/bin/mkdir -p'
PACKAGE='docker-alpine'
PACKAGE_BUGREPORT='bhuisgen@hbis.fr'
PACKAGE_NAME='docker-alpine'
PACKAGE_STRING='docker-alpine 0.1'
PACKAGE_TARNAME='docker-alpine'
PACKAGE_URL=''
PACKAGE_VERSION='0.1'
PATH_SEPARATOR=':'
PULL_OPTIONS=''
SET_MAKE=''
SHELL='/bin/bash'
STRIP=''
TAG='latest'
VERSION='0.1'
am__isrc=''
am__leading_dot='.'
am__tar='$${TAR-tar} chof - "$$tardir"'
am__untar='$${TAR-tar} xf -'
bindir='${exec_prefix}/bin'
build_alias=''
datadir='${datarootdir}'
datarootdir='${prefix}/share'
docdir='${datarootdir}/doc/${PACKAGE_TARNAME}'
dvidir='${docdir}'
exec_prefix='${prefix}'
host_alias=''
htmldir='${docdir}'
includedir='${prefix}/include'
infodir='${datarootdir}/info'
install_sh='${SHELL} /home/zeroc0d3/ZEROC0D3LAB/docker-lab/install-sh'
libdir='${exec_prefix}/lib'
libexecdir='${exec_prefix}/libexec'
localedir='${datarootdir}/locale'
localstatedir='${prefix}/var'
mandir='${datarootdir}/man'
mkdir_p='$(MKDIR_P)'
oldincludedir='/usr/include'
pdfdir='${docdir}'
prefix='/usr/local'
program_transform_name='s,x,x,'
psdir='${docdir}'
runstatedir='${localstatedir}/run'
sbindir='${exec_prefix}/sbin'
sharedstatedir='${prefix}/com'
sysconfdir='${prefix}/etc'
target_alias=''

## ----------- ##
## confdefs.h. ##
## ----------- ##

/* confdefs.h */
#define PACKAGE_NAME "docker-alpine"
#define PACKAGE_TARNAME "docker-alpine"
#define PACKAGE_VERSION "0.1"
#define PACKAGE_STRING "docker-alpine 0.1"
#define PACKAGE_BUGREPORT "bhuisgen@hbis.fr"
#define PACKAGE_URL ""
#define PACKAGE "docker-alpine"
#define VERSION "0.1"

configure: exit 0
